<?xml version="1.0" encoding="UTF-8"?>
<testsuite name="search and download the economic news report" tests="1" skipped="0" failures="0" errors="0" timestamp="2022-03-02T22:35:25" hostname="CHMEPF352QHH" time="136.684">
  <properties/>
  <testcase name="Find the requested report" classname="search and download the economic news report" time="136.684"/>
  <system-out><![CDATA[]]></system-out>
  <system-err><![CDATA[[Test worker] WARN net.thucydides.core.steps.BaseStepListener - stepStarted: net.thucydides.core.steps.ExecutedStepDescription@3a367384
[Test worker] WARN net.thucydides.core.steps.BaseStepListener - stepStarted: net.thucydides.core.steps.ExecutedStepDescription@3374198e
[Test worker] WARN net.thucydides.core.steps.BaseStepListener - stepStarted: net.thucydides.core.steps.ExecutedStepDescription@141a01d3
mar 02, 2022 5:35:26 PM org.openqa.selenium.remote.DesiredCapabilities chrome
INFORMACIÓN: Using `new ChromeOptions()` is preferred to `DesiredCapabilities.chrome()`
[Test worker] INFO net.serenitybdd.core.webdriver.driverproviders.ProvideNewDriver - Instantiating driver
[Test worker] INFO net.serenitybdd.core.webdriver.driverproviders.ProvideNewDriver - Driver capabilities: Capabilities {acceptInsecureCerts: false, browserName: chrome, chrome.switches: --start-maximized, goog:chromeOptions: {args: [--start-maximized], extensions: []}, loggingPrefs: org.openqa.selenium.logging..., platform: ANY, version: }
Starting ChromeDriver 97.0.4692.36 (747e0a0f19c13ca6ee136200f5b097448ae4892f-refs/branch-heads/4692@{#607}) on port 28565
Only local connections are allowed.
Please see https://chromedriver.chromium.org/security-considerations for suggestions on keeping ChromeDriver safe.
ChromeDriver was started successfully.
[1646260528.452][WARNING]: This version of ChromeDriver has not been tested with Chrome version 98.
mar 02, 2022 5:35:28 PM org.openqa.selenium.remote.ProtocolHandshake createSession
INFORMACIÓN: Detected dialect: W3C
[Test worker] WARN net.thucydides.core.steps.BaseStepListener - stepFinished: current outcome:Find the requested report:Given that Alex download the report called "OPEP+ aumentara la oferta de petroleo en julio de 2021" [Alex open up [Alex opens the Bancolombia page]]
[Test worker] WARN net.thucydides.core.steps.BaseStepListener - stepFinished: current outcome:Find the requested report:Given that Alex download the report called "OPEP+ aumentara la oferta de petroleo en julio de 2021" [Alex open up [Alex opens the Bancolombia page]]
[Test worker] WARN net.thucydides.core.steps.BaseStepListener - stepFinished: current outcome:Find the requested report:Given that Alex download the report called "OPEP+ aumentara la oferta de petroleo en julio de 2021" [Alex open up [Alex opens the Bancolombia page]]
[Test worker] WARN net.thucydides.core.steps.BaseStepListener - stepStarted: net.thucydides.core.steps.ExecutedStepDescription@64b03862
[Test worker] WARN net.thucydides.core.steps.BaseStepListener - stepStarted: net.thucydides.core.steps.ExecutedStepDescription@4ce0a076
[Test worker] WARN net.thucydides.core.steps.BaseStepListener - stepStarted: net.thucydides.core.steps.ExecutedStepDescription@3384abcc
[Test worker] WARN net.thucydides.core.steps.BaseStepListener - stepFinished: current outcome:Find the requested report:Given that Alex download the report called "OPEP+ aumentara la oferta de petroleo en julio de 2021" [Alex open up [Alex opens the Bancolombia page]], When he looks for the report on the page [Alex look for [Alex clicks on companies link]]
[Test worker] WARN net.thucydides.core.steps.BaseStepListener - stepStarted: net.thucydides.core.steps.ExecutedStepDescription@5a14133c
[Test worker] WARN net.thucydides.core.steps.BaseStepListener - stepFinished: current outcome:Find the requested report:Given that Alex download the report called "OPEP+ aumentara la oferta de petroleo en julio de 2021" [Alex open up [Alex opens the Bancolombia page]], When he looks for the report on the page [Alex look for [Alex clicks on companies link, Alex clicks on smart capital link]]
[Test worker] WARN net.thucydides.core.steps.BaseStepListener - stepStarted: net.thucydides.core.steps.ExecutedStepDescription@21ae1e38
[Test worker] WARN net.thucydides.core.steps.BaseStepListener - stepFinished: current outcome:Find the requested report:Given that Alex download the report called "OPEP+ aumentara la oferta de petroleo en julio de 2021" [Alex open up [Alex opens the Bancolombia page]], When he looks for the report on the page [Alex look for [Alex clicks on companies link, Alex clicks on smart capital link, Alex Switching to new Window]]
[Test worker] WARN net.thucydides.core.steps.BaseStepListener - stepStarted: net.thucydides.core.steps.ExecutedStepDescription@412e9568
[Test worker] WARN net.thucydides.core.steps.BaseStepListener - stepFinished: current outcome:Find the requested report:Given that Alex download the report called "OPEP+ aumentara la oferta de petroleo en julio de 2021" [Alex open up [Alex opens the Bancolombia page]], When he looks for the report on the page [Alex look for [Alex clicks on companies link, Alex clicks on smart capital link, Alex Switching to new Window, Alex clicks on economic news link]]
[Test worker] WARN net.thucydides.core.steps.BaseStepListener - stepStarted: net.thucydides.core.steps.ExecutedStepDescription@3bfcef60
[Test worker] WARN net.thucydides.core.steps.BaseStepListener - stepFinished: current outcome:Find the requested report:Given that Alex download the report called "OPEP+ aumentara la oferta de petroleo en julio de 2021" [Alex open up [Alex opens the Bancolombia page]], When he looks for the report on the page [Alex look for [Alex clicks on companies link, Alex clicks on smart capital link, Alex Switching to new Window, Alex clicks on economic news link, Alex clicks on View more button]]
[Test worker] WARN net.thucydides.core.steps.BaseStepListener - stepStarted: net.thucydides.core.steps.ExecutedStepDescription@5e59f453
[Test worker] WARN net.thucydides.core.steps.BaseStepListener - stepFinished: current outcome:Find the requested report:Given that Alex download the report called "OPEP+ aumentara la oferta de petroleo en julio de 2021" [Alex open up [Alex opens the Bancolombia page]], When he looks for the report on the page [Alex look for [Alex clicks on companies link, Alex clicks on smart capital link, Alex Switching to new Window, Alex clicks on economic news link, Alex clicks on View more button, Alex clicks on View more button]]
[Test worker] WARN net.thucydides.core.steps.BaseStepListener - stepStarted: net.thucydides.core.steps.ExecutedStepDescription@6b52a220
[Test worker] WARN net.thucydides.core.steps.BaseStepListener - stepFinished: current outcome:Find the requested report:Given that Alex download the report called "OPEP+ aumentara la oferta de petroleo en julio de 2021" [Alex open up [Alex opens the Bancolombia page]], When he looks for the report on the page [Alex look for [Alex clicks on companies link, Alex clicks on smart capital link, Alex Switching to new Window, Alex clicks on economic news link, Alex clicks on View more button, Alex clicks on View more button, Alex clicks on View more button]]
[Test worker] WARN net.thucydides.core.steps.BaseStepListener - stepStarted: net.thucydides.core.steps.ExecutedStepDescription@505e0d80
[Test worker] WARN net.thucydides.core.steps.BaseStepListener - stepFinished: current outcome:Find the requested report:Given that Alex download the report called "OPEP+ aumentara la oferta de petroleo en julio de 2021" [Alex open up [Alex opens the Bancolombia page]], When he looks for the report on the page [Alex look for [Alex clicks on companies link, Alex clicks on smart capital link, Alex Switching to new Window, Alex clicks on economic news link, Alex clicks on View more button, Alex clicks on View more button, Alex clicks on View more button, Alex clicks on report link]]
[Test worker] WARN net.thucydides.core.steps.BaseStepListener - stepStarted: net.thucydides.core.steps.ExecutedStepDescription@373b5e3f
[Test worker] WARN net.thucydides.core.steps.BaseStepListener - stepFinished: current outcome:Find the requested report:Given that Alex download the report called "OPEP+ aumentara la oferta de petroleo en julio de 2021" [Alex open up [Alex opens the Bancolombia page]], When he looks for the report on the page [Alex look for [Alex clicks on companies link, Alex clicks on smart capital link, Alex Switching to new Window, Alex clicks on economic news link, Alex clicks on View more button, Alex clicks on View more button, Alex clicks on View more button, Alex clicks on report link, Alex clicks on PDF link]]
[Test worker] WARN net.thucydides.core.steps.BaseStepListener - stepStarted: net.thucydides.core.steps.ExecutedStepDescription@bd9df90
[Test worker] WARN net.thucydides.core.steps.BaseStepListener - stepFinished: current outcome:Find the requested report:Given that Alex download the report called "OPEP+ aumentara la oferta de petroleo en julio de 2021" [Alex open up [Alex opens the Bancolombia page]], When he looks for the report on the page [Alex look for [Alex clicks on companies link, Alex clicks on smart capital link, Alex Switching to new Window, Alex clicks on economic news link, Alex clicks on View more button, Alex clicks on View more button, Alex clicks on View more button, Alex clicks on report link, Alex clicks on PDF link, Alex Switching to new Window]]
[Test worker] WARN net.thucydides.core.steps.BaseStepListener - stepFinished: current outcome:Find the requested report:Given that Alex download the report called "OPEP+ aumentara la oferta de petroleo en julio de 2021" [Alex open up [Alex opens the Bancolombia page]], When he looks for the report on the page [Alex look for [Alex clicks on companies link, Alex clicks on smart capital link, Alex Switching to new Window, Alex clicks on economic news link, Alex clicks on View more button, Alex clicks on View more button, Alex clicks on View more button, Alex clicks on report link, Alex clicks on PDF link, Alex Switching to new Window]]
[Test worker] WARN net.thucydides.core.steps.BaseStepListener - stepFinished: current outcome:Find the requested report:Given that Alex download the report called "OPEP+ aumentara la oferta de petroleo en julio de 2021" [Alex open up [Alex opens the Bancolombia page]], When he looks for the report on the page [Alex look for [Alex clicks on companies link, Alex clicks on smart capital link, Alex Switching to new Window, Alex clicks on economic news link, Alex clicks on View more button, Alex clicks on View more button, Alex clicks on View more button, Alex clicks on report link, Alex clicks on PDF link, Alex Switching to new Window]]
[Test worker] WARN net.thucydides.core.steps.BaseStepListener - stepStarted: net.thucydides.core.steps.ExecutedStepDescription@329fc822
[Test worker] WARN net.thucydides.core.steps.BaseStepListener - stepStarted: net.thucydides.core.steps.ExecutedStepDescription@1ec136c0
[Test worker] WARN net.thucydides.core.steps.BaseStepListener - stepFinished: current outcome:Find the requested report:Given that Alex download the report called "OPEP+ aumentara la oferta de petroleo en julio de 2021" [Alex open up [Alex opens the Bancolombia page]], When he looks for the report on the page [Alex look for [Alex clicks on companies link, Alex clicks on smart capital link, Alex Switching to new Window, Alex clicks on economic news link, Alex clicks on View more button, Alex clicks on View more button, Alex clicks on View more button, Alex clicks on report link, Alex clicks on PDF link, Alex Switching to new Window]], Then he finds and downloads the PDF report called informe-sectorial-petroleo-junio-2021.pdf [Then pdf report]
[Test worker] WARN net.thucydides.core.steps.BaseStepListener - stepFinished: current outcome:Find the requested report:Given that Alex download the report called "OPEP+ aumentara la oferta de petroleo en julio de 2021" [Alex open up [Alex opens the Bancolombia page]], When he looks for the report on the page [Alex look for [Alex clicks on companies link, Alex clicks on smart capital link, Alex Switching to new Window, Alex clicks on economic news link, Alex clicks on View more button, Alex clicks on View more button, Alex clicks on View more button, Alex clicks on report link, Alex clicks on PDF link, Alex Switching to new Window]], Then he finds and downloads the PDF report called informe-sectorial-petroleo-junio-2021.pdf [Then pdf report]
[Test worker] WARN net.thucydides.core.steps.BaseStepListener - testFinished: Find the requested report:Given that Alex download the report called "OPEP+ aumentara la oferta de petroleo en julio de 2021" [Alex open up [Alex opens the Bancolombia page]], When he looks for the report on the page [Alex look for [Alex clicks on companies link, Alex clicks on smart capital link, Alex Switching to new Window, Alex clicks on economic news link, Alex clicks on View more button, Alex clicks on View more button, Alex clicks on View more button, Alex clicks on report link, Alex clicks on PDF link, Alex Switching to new Window]], Then he finds and downloads the PDF report called informe-sectorial-petroleo-junio-2021.pdf [Then pdf report]
[Test worker] WARN net.thucydides.core.steps.BaseStepListener - TestOutcomes: [Find the requested report:Given that Alex download the report called "OPEP+ aumentara la oferta de petroleo en julio de 2021" [Alex open up [Alex opens the Bancolombia page]], When he looks for the report on the page [Alex look for [Alex clicks on companies link, Alex clicks on smart capital link, Alex Switching to new Window, Alex clicks on economic news link, Alex clicks on View more button, Alex clicks on View more button, Alex clicks on View more button, Alex clicks on report link, Alex clicks on PDF link, Alex Switching to new Window]], Then he finds and downloads the PDF report called informe-sectorial-petroleo-junio-2021.pdf [Then pdf report]]
[Test worker] WARN net.thucydides.core.steps.BaseStepListener - Final testOutcomes: [Find the requested report:Given that Alex download the report called "OPEP+ aumentara la oferta de petroleo en julio de 2021" [Alex open up [Alex opens the Bancolombia page]], When he looks for the report on the page [Alex look for [Alex clicks on companies link, Alex clicks on smart capital link, Alex Switching to new Window, Alex clicks on economic news link, Alex clicks on View more button, Alex clicks on View more button, Alex clicks on View more button, Alex clicks on report link, Alex clicks on PDF link, Alex Switching to new Window]], Then he finds and downloads the PDF report called informe-sectorial-petroleo-junio-2021.pdf [Then pdf report]]
[Test worker] INFO net.thucydides.core.steps.ConsoleLoggingListener - 
        __    _____ _____ ____ _____   ____   _    ____  ____  _____ ____  
  _     \ \  |_   _| ____/ ___|_   _| |  _ \ / \  / ___|/ ___|| ____|  _ \ 
 (_)_____| |   | | |  _| \___ \ | |   | |_) / _ \ \___ \\___ \|  _| | | | |
  _|_____| |   | | | |___ ___) || |   |  __/ ___ \ ___) |___) | |___| |_| |
 (_)     | |   |_| |_____|____/ |_|   |_| /_/   \_\____/|____/|_____|____/ 
        /_/                                                                

TEST PASSED: Find the requested report
----------------------------------------------------------------------------
]]></system-err>
</testsuite>
